<?xml version="1.0" encoding="UTF-8"?>
<testng-results skipped="0" failed="0" total="3" passed="3">
  <reporter-output>
  </reporter-output>
  <suite name="Default suite" duration-ms="7091" started-at="2020-10-19T12:11:45Z" finished-at="2020-10-19T12:11:52Z">
    <groups>
    </groups>
    <test name="Default test" duration-ms="7091" started-at="2020-10-19T12:11:45Z" finished-at="2020-10-19T12:11:52Z">
      <class name="PetStore">
        <test-method status="PASS" signature="test_1()[pri:0, instance:PetStore@71be98f5]" name="test_1" duration-ms="3851" started-at="2020-10-19T14:11:45Z" finished-at="2020-10-19T14:11:49Z">
          <reporter-output>
          </reporter-output>
        </test-method> <!-- test_1 -->
        <test-method status="PASS" signature="test_2()[pri:0, instance:PetStore@71be98f5]" name="test_2" duration-ms="1717" started-at="2020-10-19T14:11:49Z" finished-at="2020-10-19T14:11:50Z">
          <reporter-output>
          </reporter-output>
        </test-method> <!-- test_2 -->
        <test-method status="PASS" signature="test_3()[pri:0, instance:PetStore@71be98f5]" name="test_3" duration-ms="1502" started-at="2020-10-19T14:11:50Z" finished-at="2020-10-19T14:11:52Z">
          <reporter-output>
          </reporter-output>
        </test-method> <!-- test_3 -->
      </class> <!-- PetStore -->
    </test> <!-- Default test -->
  </suite> <!-- Default suite -->
</testng-results>
