<?xml version="1.0" encoding="UTF-8"?>
<testng-results skipped="0" failed="0" total="1" passed="1">
  <reporter-output>
  </reporter-output>
  <suite name="Default suite" duration-ms="72" started-at="2020-10-18T19:27:08Z" finished-at="2020-10-18T19:27:08Z">
    <groups>
    </groups>
    <test name="Default test" duration-ms="72" started-at="2020-10-18T19:27:08Z" finished-at="2020-10-18T19:27:08Z">
      <class name="PetStore">
        <test-method status="PASS" signature="test_2()[pri:0, instance:PetStore@71be98f5]" name="test_2" duration-ms="26" started-at="2020-10-18T21:27:08Z" finished-at="2020-10-18T21:27:08Z">
          <reporter-output>
          </reporter-output>
        </test-method> <!-- test_2 -->
      </class> <!-- PetStore -->
    </test> <!-- Default test -->
  </suite> <!-- Default suite -->
</testng-results>
